{"/home/julien/Bureau/dev/projets/Calculator/index.js": {"path":"/home/julien/Bureau/dev/projets/Calculator/index.js","statementMap":{"0":{"start":{"line":1,"column":24},"end":{"line":1,"column":57}},"1":{"start":{"line":2,"column":19},"end":{"line":2,"column":56}},"2":{"start":{"line":3,"column":13},"end":{"line":3,"column":46}},"3":{"start":{"line":6,"column":13},"end":{"line":6,"column":14}},"4":{"start":{"line":8,"column":0},"end":{"line":10,"column":1}},"5":{"start":{"line":9,"column":2},"end":{"line":9,"column":36}},"6":{"start":{"line":12,"column":17},"end":{"line":14,"column":1}},"7":{"start":{"line":13,"column":2},"end":{"line":13,"column":30}},"8":{"start":{"line":16,"column":20},"end":{"line":18,"column":1}},"9":{"start":{"line":17,"column":2},"end":{"line":17,"column":30}},"10":{"start":{"line":20,"column":23},"end":{"line":22,"column":1}},"11":{"start":{"line":21,"column":2},"end":{"line":21,"column":34}},"12":{"start":{"line":24,"column":15},"end":{"line":26,"column":1}},"13":{"start":{"line":25,"column":2},"end":{"line":25,"column":34}},"14":{"start":{"line":28,"column":0},"end":{"line":35,"column":3}},"15":{"start":{"line":29,"column":2},"end":{"line":34,"column":3}},"16":{"start":{"line":30,"column":4},"end":{"line":30,"column":37}},"17":{"start":{"line":31,"column":4},"end":{"line":31,"column":37}},"18":{"start":{"line":33,"column":4},"end":{"line":33,"column":37}},"19":{"start":{"line":37,"column":0},"end":{"line":44,"column":3}},"20":{"start":{"line":38,"column":2},"end":{"line":43,"column":3}},"21":{"start":{"line":39,"column":4},"end":{"line":39,"column":37}},"22":{"start":{"line":40,"column":4},"end":{"line":40,"column":37}},"23":{"start":{"line":42,"column":4},"end":{"line":42,"column":37}},"24":{"start":{"line":46,"column":0},"end":{"line":53,"column":3}},"25":{"start":{"line":47,"column":2},"end":{"line":52,"column":3}},"26":{"start":{"line":48,"column":4},"end":{"line":48,"column":37}},"27":{"start":{"line":49,"column":4},"end":{"line":49,"column":37}},"28":{"start":{"line":51,"column":4},"end":{"line":51,"column":37}},"29":{"start":{"line":55,"column":0},"end":{"line":62,"column":3}},"30":{"start":{"line":56,"column":2},"end":{"line":61,"column":3}},"31":{"start":{"line":57,"column":4},"end":{"line":57,"column":37}},"32":{"start":{"line":58,"column":4},"end":{"line":58,"column":37}},"33":{"start":{"line":60,"column":4},"end":{"line":60,"column":37}},"34":{"start":{"line":64,"column":0},"end":{"line":71,"column":3}},"35":{"start":{"line":65,"column":2},"end":{"line":70,"column":3}},"36":{"start":{"line":66,"column":4},"end":{"line":66,"column":37}},"37":{"start":{"line":67,"column":4},"end":{"line":67,"column":37}},"38":{"start":{"line":69,"column":4},"end":{"line":69,"column":37}},"39":{"start":{"line":73,"column":0},"end":{"line":80,"column":3}},"40":{"start":{"line":74,"column":2},"end":{"line":79,"column":3}},"41":{"start":{"line":75,"column":4},"end":{"line":75,"column":37}},"42":{"start":{"line":76,"column":4},"end":{"line":76,"column":37}},"43":{"start":{"line":78,"column":4},"end":{"line":78,"column":37}},"44":{"start":{"line":82,"column":0},"end":{"line":89,"column":3}},"45":{"start":{"line":83,"column":2},"end":{"line":88,"column":3}},"46":{"start":{"line":84,"column":4},"end":{"line":84,"column":37}},"47":{"start":{"line":85,"column":4},"end":{"line":85,"column":37}},"48":{"start":{"line":87,"column":4},"end":{"line":87,"column":37}},"49":{"start":{"line":91,"column":0},"end":{"line":98,"column":3}},"50":{"start":{"line":92,"column":2},"end":{"line":97,"column":3}},"51":{"start":{"line":93,"column":4},"end":{"line":93,"column":37}},"52":{"start":{"line":94,"column":4},"end":{"line":94,"column":37}},"53":{"start":{"line":96,"column":4},"end":{"line":96,"column":37}},"54":{"start":{"line":100,"column":0},"end":{"line":107,"column":3}},"55":{"start":{"line":101,"column":2},"end":{"line":106,"column":3}},"56":{"start":{"line":102,"column":4},"end":{"line":102,"column":37}},"57":{"start":{"line":103,"column":4},"end":{"line":103,"column":37}},"58":{"start":{"line":105,"column":4},"end":{"line":105,"column":37}},"59":{"start":{"line":109,"column":0},"end":{"line":116,"column":3}},"60":{"start":{"line":110,"column":2},"end":{"line":115,"column":3}},"61":{"start":{"line":111,"column":4},"end":{"line":111,"column":37}},"62":{"start":{"line":112,"column":4},"end":{"line":112,"column":37}},"63":{"start":{"line":114,"column":4},"end":{"line":114,"column":37}},"64":{"start":{"line":118,"column":0},"end":{"line":161,"column":3}},"65":{"start":{"line":119,"column":2},"end":{"line":160,"column":3}},"66":{"start":{"line":120,"column":4},"end":{"line":120,"column":17}},"67":{"start":{"line":121,"column":4},"end":{"line":121,"column":59}},"68":{"start":{"line":122,"column":4},"end":{"line":122,"column":42}},"69":{"start":{"line":123,"column":4},"end":{"line":123,"column":37}},"70":{"start":{"line":124,"column":4},"end":{"line":124,"column":17}},"71":{"start":{"line":125,"column":9},"end":{"line":160,"column":3}},"72":{"start":{"line":126,"column":4},"end":{"line":126,"column":17}},"73":{"start":{"line":127,"column":4},"end":{"line":127,"column":59}},"74":{"start":{"line":128,"column":4},"end":{"line":128,"column":42}},"75":{"start":{"line":129,"column":4},"end":{"line":129,"column":37}},"76":{"start":{"line":130,"column":4},"end":{"line":130,"column":17}},"77":{"start":{"line":131,"column":9},"end":{"line":160,"column":3}},"78":{"start":{"line":132,"column":4},"end":{"line":132,"column":17}},"79":{"start":{"line":133,"column":4},"end":{"line":133,"column":59}},"80":{"start":{"line":134,"column":4},"end":{"line":134,"column":42}},"81":{"start":{"line":135,"column":4},"end":{"line":135,"column":37}},"82":{"start":{"line":136,"column":4},"end":{"line":136,"column":17}},"83":{"start":{"line":138,"column":4},"end":{"line":159,"column":5}},"84":{"start":{"line":139,"column":6},"end":{"line":139,"column":22}},"85":{"start":{"line":140,"column":6},"end":{"line":140,"column":17}},"86":{"start":{"line":141,"column":6},"end":{"line":141,"column":44}},"87":{"start":{"line":142,"column":6},"end":{"line":142,"column":39}},"88":{"start":{"line":143,"column":6},"end":{"line":143,"column":19}},"89":{"start":{"line":144,"column":11},"end":{"line":159,"column":5}},"90":{"start":{"line":145,"column":6},"end":{"line":145,"column":17}},"91":{"start":{"line":146,"column":6},"end":{"line":146,"column":44}},"92":{"start":{"line":147,"column":6},"end":{"line":147,"column":19}},"93":{"start":{"line":148,"column":11},"end":{"line":159,"column":5}},"94":{"start":{"line":149,"column":6},"end":{"line":149,"column":20}},"95":{"start":{"line":150,"column":6},"end":{"line":150,"column":62}},"96":{"start":{"line":151,"column":6},"end":{"line":151,"column":44}},"97":{"start":{"line":152,"column":6},"end":{"line":152,"column":39}},"98":{"start":{"line":153,"column":6},"end":{"line":153,"column":19}},"99":{"start":{"line":155,"column":6},"end":{"line":155,"column":55}},"100":{"start":{"line":156,"column":6},"end":{"line":156,"column":44}},"101":{"start":{"line":157,"column":6},"end":{"line":157,"column":39}},"102":{"start":{"line":158,"column":6},"end":{"line":158,"column":19}},"103":{"start":{"line":163,"column":0},"end":{"line":207,"column":3}},"104":{"start":{"line":164,"column":2},"end":{"line":206,"column":3}},"105":{"start":{"line":165,"column":4},"end":{"line":165,"column":17}},"106":{"start":{"line":166,"column":4},"end":{"line":166,"column":59}},"107":{"start":{"line":167,"column":4},"end":{"line":167,"column":42}},"108":{"start":{"line":168,"column":4},"end":{"line":168,"column":37}},"109":{"start":{"line":169,"column":4},"end":{"line":169,"column":17}},"110":{"start":{"line":170,"column":9},"end":{"line":206,"column":3}},"111":{"start":{"line":171,"column":4},"end":{"line":171,"column":17}},"112":{"start":{"line":172,"column":4},"end":{"line":172,"column":59}},"113":{"start":{"line":173,"column":4},"end":{"line":173,"column":42}},"114":{"start":{"line":174,"column":4},"end":{"line":174,"column":37}},"115":{"start":{"line":175,"column":4},"end":{"line":175,"column":17}},"116":{"start":{"line":176,"column":9},"end":{"line":206,"column":3}},"117":{"start":{"line":177,"column":4},"end":{"line":177,"column":17}},"118":{"start":{"line":178,"column":4},"end":{"line":178,"column":59}},"119":{"start":{"line":179,"column":4},"end":{"line":179,"column":42}},"120":{"start":{"line":180,"column":4},"end":{"line":180,"column":37}},"121":{"start":{"line":181,"column":4},"end":{"line":181,"column":17}},"122":{"start":{"line":183,"column":4},"end":{"line":205,"column":5}},"123":{"start":{"line":184,"column":6},"end":{"line":184,"column":26}},"124":{"start":{"line":185,"column":6},"end":{"line":185,"column":22}},"125":{"start":{"line":186,"column":6},"end":{"line":186,"column":17}},"126":{"start":{"line":187,"column":6},"end":{"line":187,"column":44}},"127":{"start":{"line":188,"column":6},"end":{"line":188,"column":39}},"128":{"start":{"line":189,"column":6},"end":{"line":189,"column":19}},"129":{"start":{"line":190,"column":11},"end":{"line":205,"column":5}},"130":{"start":{"line":191,"column":6},"end":{"line":191,"column":17}},"131":{"start":{"line":192,"column":6},"end":{"line":192,"column":44}},"132":{"start":{"line":193,"column":6},"end":{"line":193,"column":19}},"133":{"start":{"line":194,"column":11},"end":{"line":205,"column":5}},"134":{"start":{"line":195,"column":6},"end":{"line":195,"column":20}},"135":{"start":{"line":196,"column":6},"end":{"line":196,"column":62}},"136":{"start":{"line":197,"column":6},"end":{"line":197,"column":44}},"137":{"start":{"line":198,"column":6},"end":{"line":198,"column":39}},"138":{"start":{"line":199,"column":6},"end":{"line":199,"column":19}},"139":{"start":{"line":201,"column":6},"end":{"line":201,"column":55}},"140":{"start":{"line":202,"column":6},"end":{"line":202,"column":44}},"141":{"start":{"line":203,"column":6},"end":{"line":203,"column":39}},"142":{"start":{"line":204,"column":6},"end":{"line":204,"column":19}},"143":{"start":{"line":209,"column":0},"end":{"line":252,"column":3}},"144":{"start":{"line":210,"column":2},"end":{"line":251,"column":3}},"145":{"start":{"line":211,"column":4},"end":{"line":211,"column":17}},"146":{"start":{"line":212,"column":4},"end":{"line":212,"column":59}},"147":{"start":{"line":213,"column":4},"end":{"line":213,"column":42}},"148":{"start":{"line":214,"column":4},"end":{"line":214,"column":37}},"149":{"start":{"line":215,"column":4},"end":{"line":215,"column":17}},"150":{"start":{"line":216,"column":9},"end":{"line":251,"column":3}},"151":{"start":{"line":217,"column":4},"end":{"line":217,"column":17}},"152":{"start":{"line":218,"column":4},"end":{"line":218,"column":59}},"153":{"start":{"line":219,"column":4},"end":{"line":219,"column":42}},"154":{"start":{"line":220,"column":4},"end":{"line":220,"column":37}},"155":{"start":{"line":221,"column":4},"end":{"line":221,"column":17}},"156":{"start":{"line":222,"column":9},"end":{"line":251,"column":3}},"157":{"start":{"line":223,"column":4},"end":{"line":223,"column":17}},"158":{"start":{"line":224,"column":4},"end":{"line":224,"column":59}},"159":{"start":{"line":225,"column":4},"end":{"line":225,"column":42}},"160":{"start":{"line":226,"column":4},"end":{"line":226,"column":37}},"161":{"start":{"line":227,"column":4},"end":{"line":227,"column":17}},"162":{"start":{"line":229,"column":4},"end":{"line":250,"column":5}},"163":{"start":{"line":230,"column":6},"end":{"line":230,"column":22}},"164":{"start":{"line":231,"column":6},"end":{"line":231,"column":17}},"165":{"start":{"line":232,"column":6},"end":{"line":232,"column":44}},"166":{"start":{"line":233,"column":6},"end":{"line":233,"column":39}},"167":{"start":{"line":234,"column":6},"end":{"line":234,"column":19}},"168":{"start":{"line":235,"column":11},"end":{"line":250,"column":5}},"169":{"start":{"line":236,"column":6},"end":{"line":236,"column":17}},"170":{"start":{"line":237,"column":6},"end":{"line":237,"column":44}},"171":{"start":{"line":238,"column":6},"end":{"line":238,"column":19}},"172":{"start":{"line":239,"column":11},"end":{"line":250,"column":5}},"173":{"start":{"line":240,"column":6},"end":{"line":240,"column":20}},"174":{"start":{"line":241,"column":6},"end":{"line":241,"column":62}},"175":{"start":{"line":242,"column":6},"end":{"line":242,"column":44}},"176":{"start":{"line":243,"column":6},"end":{"line":243,"column":39}},"177":{"start":{"line":244,"column":6},"end":{"line":244,"column":19}},"178":{"start":{"line":246,"column":6},"end":{"line":246,"column":55}},"179":{"start":{"line":247,"column":6},"end":{"line":247,"column":44}},"180":{"start":{"line":248,"column":6},"end":{"line":248,"column":39}},"181":{"start":{"line":249,"column":6},"end":{"line":249,"column":19}},"182":{"start":{"line":254,"column":0},"end":{"line":297,"column":3}},"183":{"start":{"line":255,"column":2},"end":{"line":296,"column":3}},"184":{"start":{"line":256,"column":4},"end":{"line":256,"column":17}},"185":{"start":{"line":257,"column":4},"end":{"line":257,"column":59}},"186":{"start":{"line":258,"column":4},"end":{"line":258,"column":42}},"187":{"start":{"line":259,"column":4},"end":{"line":259,"column":37}},"188":{"start":{"line":260,"column":4},"end":{"line":260,"column":17}},"189":{"start":{"line":261,"column":9},"end":{"line":296,"column":3}},"190":{"start":{"line":262,"column":4},"end":{"line":262,"column":17}},"191":{"start":{"line":263,"column":4},"end":{"line":263,"column":59}},"192":{"start":{"line":264,"column":4},"end":{"line":264,"column":42}},"193":{"start":{"line":265,"column":4},"end":{"line":265,"column":37}},"194":{"start":{"line":266,"column":4},"end":{"line":266,"column":17}},"195":{"start":{"line":267,"column":9},"end":{"line":296,"column":3}},"196":{"start":{"line":268,"column":4},"end":{"line":268,"column":17}},"197":{"start":{"line":269,"column":4},"end":{"line":269,"column":59}},"198":{"start":{"line":270,"column":4},"end":{"line":270,"column":42}},"199":{"start":{"line":271,"column":4},"end":{"line":271,"column":37}},"200":{"start":{"line":272,"column":4},"end":{"line":272,"column":17}},"201":{"start":{"line":274,"column":4},"end":{"line":295,"column":5}},"202":{"start":{"line":275,"column":6},"end":{"line":275,"column":22}},"203":{"start":{"line":276,"column":6},"end":{"line":276,"column":17}},"204":{"start":{"line":277,"column":6},"end":{"line":277,"column":44}},"205":{"start":{"line":278,"column":6},"end":{"line":278,"column":39}},"206":{"start":{"line":279,"column":6},"end":{"line":279,"column":19}},"207":{"start":{"line":280,"column":11},"end":{"line":295,"column":5}},"208":{"start":{"line":281,"column":6},"end":{"line":281,"column":17}},"209":{"start":{"line":282,"column":6},"end":{"line":282,"column":44}},"210":{"start":{"line":283,"column":6},"end":{"line":283,"column":19}},"211":{"start":{"line":284,"column":11},"end":{"line":295,"column":5}},"212":{"start":{"line":285,"column":6},"end":{"line":285,"column":20}},"213":{"start":{"line":286,"column":6},"end":{"line":286,"column":62}},"214":{"start":{"line":287,"column":6},"end":{"line":287,"column":44}},"215":{"start":{"line":288,"column":6},"end":{"line":288,"column":39}},"216":{"start":{"line":289,"column":6},"end":{"line":289,"column":19}},"217":{"start":{"line":291,"column":6},"end":{"line":291,"column":55}},"218":{"start":{"line":292,"column":6},"end":{"line":292,"column":44}},"219":{"start":{"line":293,"column":6},"end":{"line":293,"column":39}},"220":{"start":{"line":294,"column":6},"end":{"line":294,"column":19}},"221":{"start":{"line":299,"column":0},"end":{"line":321,"column":3}},"222":{"start":{"line":300,"column":2},"end":{"line":320,"column":3}},"223":{"start":{"line":301,"column":4},"end":{"line":301,"column":53}},"224":{"start":{"line":303,"column":4},"end":{"line":303,"column":53}},"225":{"start":{"line":304,"column":4},"end":{"line":312,"column":5}},"226":{"start":{"line":305,"column":6},"end":{"line":305,"column":31}},"227":{"start":{"line":306,"column":11},"end":{"line":312,"column":5}},"228":{"start":{"line":307,"column":6},"end":{"line":307,"column":34}},"229":{"start":{"line":308,"column":11},"end":{"line":312,"column":5}},"230":{"start":{"line":309,"column":6},"end":{"line":309,"column":29}},"231":{"start":{"line":310,"column":11},"end":{"line":312,"column":5}},"232":{"start":{"line":311,"column":6},"end":{"line":311,"column":37}},"233":{"start":{"line":313,"column":4},"end":{"line":313,"column":23}},"234":{"start":{"line":314,"column":4},"end":{"line":314,"column":23}},"235":{"start":{"line":315,"column":4},"end":{"line":315,"column":32}},"236":{"start":{"line":316,"column":4},"end":{"line":316,"column":65}},"237":{"start":{"line":318,"column":4},"end":{"line":318,"column":53}},"238":{"start":{"line":319,"column":4},"end":{"line":319,"column":17}},"239":{"start":{"line":323,"column":0},"end":{"line":331,"column":3}},"240":{"start":{"line":324,"column":2},"end":{"line":324,"column":34}},"241":{"start":{"line":325,"column":2},"end":{"line":325,"column":30}},"242":{"start":{"line":326,"column":2},"end":{"line":326,"column":21}},"243":{"start":{"line":327,"column":2},"end":{"line":327,"column":21}},"244":{"start":{"line":328,"column":2},"end":{"line":328,"column":21}},"245":{"start":{"line":329,"column":2},"end":{"line":329,"column":18}},"246":{"start":{"line":330,"column":2},"end":{"line":330,"column":21}},"247":{"start":{"line":333,"column":0},"end":{"line":342,"column":3}},"248":{"start":{"line":334,"column":2},"end":{"line":341,"column":3}},"249":{"start":{"line":335,"column":4},"end":{"line":335,"column":36}},"250":{"start":{"line":336,"column":9},"end":{"line":341,"column":3}},"251":{"start":{"line":337,"column":4},"end":{"line":337,"column":36}},"252":{"start":{"line":339,"column":14},"end":{"line":339,"column":54}},"253":{"start":{"line":340,"column":4},"end":{"line":340,"column":38}},"254":{"start":{"line":344,"column":0},"end":{"line":346,"column":3}},"255":{"start":{"line":345,"column":2},"end":{"line":345,"column":37}}},"fnMap":{"0":{"name":"(anonymous_0)","decl":{"start":{"line":12,"column":17},"end":{"line":12,"column":18}},"loc":{"start":{"line":12,"column":33},"end":{"line":14,"column":1}},"line":12},"1":{"name":"(anonymous_1)","decl":{"start":{"line":16,"column":20},"end":{"line":16,"column":21}},"loc":{"start":{"line":16,"column":36},"end":{"line":18,"column":1}},"line":16},"2":{"name":"(anonymous_2)","decl":{"start":{"line":20,"column":23},"end":{"line":20,"column":24}},"loc":{"start":{"line":20,"column":43},"end":{"line":22,"column":1}},"line":20},"3":{"name":"(anonymous_3)","decl":{"start":{"line":24,"column":15},"end":{"line":24,"column":16}},"loc":{"start":{"line":24,"column":35},"end":{"line":26,"column":1}},"line":24},"4":{"name":"(anonymous_4)","decl":{"start":{"line":28,"column":35},"end":{"line":28,"column":36}},"loc":{"start":{"line":28,"column":41},"end":{"line":35,"column":1}},"line":28},"5":{"name":"(anonymous_5)","decl":{"start":{"line":37,"column":35},"end":{"line":37,"column":36}},"loc":{"start":{"line":37,"column":41},"end":{"line":44,"column":1}},"line":37},"6":{"name":"(anonymous_6)","decl":{"start":{"line":46,"column":35},"end":{"line":46,"column":36}},"loc":{"start":{"line":46,"column":41},"end":{"line":53,"column":1}},"line":46},"7":{"name":"(anonymous_7)","decl":{"start":{"line":55,"column":35},"end":{"line":55,"column":36}},"loc":{"start":{"line":55,"column":41},"end":{"line":62,"column":1}},"line":55},"8":{"name":"(anonymous_8)","decl":{"start":{"line":64,"column":35},"end":{"line":64,"column":36}},"loc":{"start":{"line":64,"column":41},"end":{"line":71,"column":1}},"line":64},"9":{"name":"(anonymous_9)","decl":{"start":{"line":73,"column":35},"end":{"line":73,"column":36}},"loc":{"start":{"line":73,"column":41},"end":{"line":80,"column":1}},"line":73},"10":{"name":"(anonymous_10)","decl":{"start":{"line":82,"column":35},"end":{"line":82,"column":36}},"loc":{"start":{"line":82,"column":41},"end":{"line":89,"column":1}},"line":82},"11":{"name":"(anonymous_11)","decl":{"start":{"line":91,"column":35},"end":{"line":91,"column":36}},"loc":{"start":{"line":91,"column":41},"end":{"line":98,"column":1}},"line":91},"12":{"name":"(anonymous_12)","decl":{"start":{"line":100,"column":35},"end":{"line":100,"column":36}},"loc":{"start":{"line":100,"column":41},"end":{"line":107,"column":1}},"line":100},"13":{"name":"(anonymous_13)","decl":{"start":{"line":109,"column":35},"end":{"line":109,"column":36}},"loc":{"start":{"line":109,"column":41},"end":{"line":116,"column":1}},"line":109},"14":{"name":"(anonymous_14)","decl":{"start":{"line":118,"column":36},"end":{"line":118,"column":37}},"loc":{"start":{"line":118,"column":42},"end":{"line":161,"column":1}},"line":118},"15":{"name":"(anonymous_15)","decl":{"start":{"line":163,"column":36},"end":{"line":163,"column":37}},"loc":{"start":{"line":163,"column":42},"end":{"line":207,"column":1}},"line":163},"16":{"name":"(anonymous_16)","decl":{"start":{"line":209,"column":36},"end":{"line":209,"column":37}},"loc":{"start":{"line":209,"column":42},"end":{"line":252,"column":1}},"line":209},"17":{"name":"(anonymous_17)","decl":{"start":{"line":254,"column":36},"end":{"line":254,"column":37}},"loc":{"start":{"line":254,"column":42},"end":{"line":297,"column":1}},"line":254},"18":{"name":"(anonymous_18)","decl":{"start":{"line":299,"column":36},"end":{"line":299,"column":37}},"loc":{"start":{"line":299,"column":42},"end":{"line":321,"column":1}},"line":299},"19":{"name":"(anonymous_19)","decl":{"start":{"line":323,"column":36},"end":{"line":323,"column":37}},"loc":{"start":{"line":323,"column":42},"end":{"line":331,"column":1}},"line":323},"20":{"name":"(anonymous_20)","decl":{"start":{"line":333,"column":36},"end":{"line":333,"column":37}},"loc":{"start":{"line":333,"column":42},"end":{"line":342,"column":1}},"line":333},"21":{"name":"(anonymous_21)","decl":{"start":{"line":344,"column":36},"end":{"line":344,"column":37}},"loc":{"start":{"line":344,"column":42},"end":{"line":346,"column":1}},"line":344}},"branchMap":{"0":{"loc":{"start":{"line":8,"column":0},"end":{"line":10,"column":1}},"type":"if","locations":[{"start":{"line":8,"column":0},"end":{"line":10,"column":1}},{"start":{},"end":{}}],"line":8},"1":{"loc":{"start":{"line":29,"column":2},"end":{"line":34,"column":3}},"type":"if","locations":[{"start":{"line":29,"column":2},"end":{"line":34,"column":3}},{"start":{"line":32,"column":9},"end":{"line":34,"column":3}}],"line":29},"2":{"loc":{"start":{"line":38,"column":2},"end":{"line":43,"column":3}},"type":"if","locations":[{"start":{"line":38,"column":2},"end":{"line":43,"column":3}},{"start":{"line":41,"column":9},"end":{"line":43,"column":3}}],"line":38},"3":{"loc":{"start":{"line":47,"column":2},"end":{"line":52,"column":3}},"type":"if","locations":[{"start":{"line":47,"column":2},"end":{"line":52,"column":3}},{"start":{"line":50,"column":9},"end":{"line":52,"column":3}}],"line":47},"4":{"loc":{"start":{"line":56,"column":2},"end":{"line":61,"column":3}},"type":"if","locations":[{"start":{"line":56,"column":2},"end":{"line":61,"column":3}},{"start":{"line":59,"column":9},"end":{"line":61,"column":3}}],"line":56},"5":{"loc":{"start":{"line":65,"column":2},"end":{"line":70,"column":3}},"type":"if","locations":[{"start":{"line":65,"column":2},"end":{"line":70,"column":3}},{"start":{"line":68,"column":9},"end":{"line":70,"column":3}}],"line":65},"6":{"loc":{"start":{"line":74,"column":2},"end":{"line":79,"column":3}},"type":"if","locations":[{"start":{"line":74,"column":2},"end":{"line":79,"column":3}},{"start":{"line":77,"column":9},"end":{"line":79,"column":3}}],"line":74},"7":{"loc":{"start":{"line":83,"column":2},"end":{"line":88,"column":3}},"type":"if","locations":[{"start":{"line":83,"column":2},"end":{"line":88,"column":3}},{"start":{"line":86,"column":9},"end":{"line":88,"column":3}}],"line":83},"8":{"loc":{"start":{"line":92,"column":2},"end":{"line":97,"column":3}},"type":"if","locations":[{"start":{"line":92,"column":2},"end":{"line":97,"column":3}},{"start":{"line":95,"column":9},"end":{"line":97,"column":3}}],"line":92},"9":{"loc":{"start":{"line":101,"column":2},"end":{"line":106,"column":3}},"type":"if","locations":[{"start":{"line":101,"column":2},"end":{"line":106,"column":3}},{"start":{"line":104,"column":9},"end":{"line":106,"column":3}}],"line":101},"10":{"loc":{"start":{"line":110,"column":2},"end":{"line":115,"column":3}},"type":"if","locations":[{"start":{"line":110,"column":2},"end":{"line":115,"column":3}},{"start":{"line":113,"column":9},"end":{"line":115,"column":3}}],"line":110},"11":{"loc":{"start":{"line":119,"column":2},"end":{"line":160,"column":3}},"type":"if","locations":[{"start":{"line":119,"column":2},"end":{"line":160,"column":3}},{"start":{"line":125,"column":9},"end":{"line":160,"column":3}}],"line":119},"12":{"loc":{"start":{"line":125,"column":9},"end":{"line":160,"column":3}},"type":"if","locations":[{"start":{"line":125,"column":9},"end":{"line":160,"column":3}},{"start":{"line":131,"column":9},"end":{"line":160,"column":3}}],"line":125},"13":{"loc":{"start":{"line":131,"column":9},"end":{"line":160,"column":3}},"type":"if","locations":[{"start":{"line":131,"column":9},"end":{"line":160,"column":3}},{"start":{"line":137,"column":9},"end":{"line":160,"column":3}}],"line":131},"14":{"loc":{"start":{"line":138,"column":4},"end":{"line":159,"column":5}},"type":"if","locations":[{"start":{"line":138,"column":4},"end":{"line":159,"column":5}},{"start":{"line":144,"column":11},"end":{"line":159,"column":5}}],"line":138},"15":{"loc":{"start":{"line":144,"column":11},"end":{"line":159,"column":5}},"type":"if","locations":[{"start":{"line":144,"column":11},"end":{"line":159,"column":5}},{"start":{"line":148,"column":11},"end":{"line":159,"column":5}}],"line":144},"16":{"loc":{"start":{"line":148,"column":11},"end":{"line":159,"column":5}},"type":"if","locations":[{"start":{"line":148,"column":11},"end":{"line":159,"column":5}},{"start":{"line":154,"column":11},"end":{"line":159,"column":5}}],"line":148},"17":{"loc":{"start":{"line":164,"column":2},"end":{"line":206,"column":3}},"type":"if","locations":[{"start":{"line":164,"column":2},"end":{"line":206,"column":3}},{"start":{"line":170,"column":9},"end":{"line":206,"column":3}}],"line":164},"18":{"loc":{"start":{"line":170,"column":9},"end":{"line":206,"column":3}},"type":"if","locations":[{"start":{"line":170,"column":9},"end":{"line":206,"column":3}},{"start":{"line":176,"column":9},"end":{"line":206,"column":3}}],"line":170},"19":{"loc":{"start":{"line":176,"column":9},"end":{"line":206,"column":3}},"type":"if","locations":[{"start":{"line":176,"column":9},"end":{"line":206,"column":3}},{"start":{"line":182,"column":9},"end":{"line":206,"column":3}}],"line":176},"20":{"loc":{"start":{"line":183,"column":4},"end":{"line":205,"column":5}},"type":"if","locations":[{"start":{"line":183,"column":4},"end":{"line":205,"column":5}},{"start":{"line":190,"column":11},"end":{"line":205,"column":5}}],"line":183},"21":{"loc":{"start":{"line":190,"column":11},"end":{"line":205,"column":5}},"type":"if","locations":[{"start":{"line":190,"column":11},"end":{"line":205,"column":5}},{"start":{"line":194,"column":11},"end":{"line":205,"column":5}}],"line":190},"22":{"loc":{"start":{"line":194,"column":11},"end":{"line":205,"column":5}},"type":"if","locations":[{"start":{"line":194,"column":11},"end":{"line":205,"column":5}},{"start":{"line":200,"column":11},"end":{"line":205,"column":5}}],"line":194},"23":{"loc":{"start":{"line":210,"column":2},"end":{"line":251,"column":3}},"type":"if","locations":[{"start":{"line":210,"column":2},"end":{"line":251,"column":3}},{"start":{"line":216,"column":9},"end":{"line":251,"column":3}}],"line":210},"24":{"loc":{"start":{"line":216,"column":9},"end":{"line":251,"column":3}},"type":"if","locations":[{"start":{"line":216,"column":9},"end":{"line":251,"column":3}},{"start":{"line":222,"column":9},"end":{"line":251,"column":3}}],"line":216},"25":{"loc":{"start":{"line":222,"column":9},"end":{"line":251,"column":3}},"type":"if","locations":[{"start":{"line":222,"column":9},"end":{"line":251,"column":3}},{"start":{"line":228,"column":9},"end":{"line":251,"column":3}}],"line":222},"26":{"loc":{"start":{"line":229,"column":4},"end":{"line":250,"column":5}},"type":"if","locations":[{"start":{"line":229,"column":4},"end":{"line":250,"column":5}},{"start":{"line":235,"column":11},"end":{"line":250,"column":5}}],"line":229},"27":{"loc":{"start":{"line":235,"column":11},"end":{"line":250,"column":5}},"type":"if","locations":[{"start":{"line":235,"column":11},"end":{"line":250,"column":5}},{"start":{"line":239,"column":11},"end":{"line":250,"column":5}}],"line":235},"28":{"loc":{"start":{"line":239,"column":11},"end":{"line":250,"column":5}},"type":"if","locations":[{"start":{"line":239,"column":11},"end":{"line":250,"column":5}},{"start":{"line":245,"column":11},"end":{"line":250,"column":5}}],"line":239},"29":{"loc":{"start":{"line":255,"column":2},"end":{"line":296,"column":3}},"type":"if","locations":[{"start":{"line":255,"column":2},"end":{"line":296,"column":3}},{"start":{"line":261,"column":9},"end":{"line":296,"column":3}}],"line":255},"30":{"loc":{"start":{"line":261,"column":9},"end":{"line":296,"column":3}},"type":"if","locations":[{"start":{"line":261,"column":9},"end":{"line":296,"column":3}},{"start":{"line":267,"column":9},"end":{"line":296,"column":3}}],"line":261},"31":{"loc":{"start":{"line":267,"column":9},"end":{"line":296,"column":3}},"type":"if","locations":[{"start":{"line":267,"column":9},"end":{"line":296,"column":3}},{"start":{"line":273,"column":9},"end":{"line":296,"column":3}}],"line":267},"32":{"loc":{"start":{"line":274,"column":4},"end":{"line":295,"column":5}},"type":"if","locations":[{"start":{"line":274,"column":4},"end":{"line":295,"column":5}},{"start":{"line":280,"column":11},"end":{"line":295,"column":5}}],"line":274},"33":{"loc":{"start":{"line":280,"column":11},"end":{"line":295,"column":5}},"type":"if","locations":[{"start":{"line":280,"column":11},"end":{"line":295,"column":5}},{"start":{"line":284,"column":11},"end":{"line":295,"column":5}}],"line":280},"34":{"loc":{"start":{"line":284,"column":11},"end":{"line":295,"column":5}},"type":"if","locations":[{"start":{"line":284,"column":11},"end":{"line":295,"column":5}},{"start":{"line":290,"column":11},"end":{"line":295,"column":5}}],"line":284},"35":{"loc":{"start":{"line":300,"column":2},"end":{"line":320,"column":3}},"type":"if","locations":[{"start":{"line":300,"column":2},"end":{"line":320,"column":3}},{"start":{"line":302,"column":9},"end":{"line":320,"column":3}}],"line":300},"36":{"loc":{"start":{"line":304,"column":4},"end":{"line":312,"column":5}},"type":"if","locations":[{"start":{"line":304,"column":4},"end":{"line":312,"column":5}},{"start":{"line":306,"column":11},"end":{"line":312,"column":5}}],"line":304},"37":{"loc":{"start":{"line":306,"column":11},"end":{"line":312,"column":5}},"type":"if","locations":[{"start":{"line":306,"column":11},"end":{"line":312,"column":5}},{"start":{"line":308,"column":11},"end":{"line":312,"column":5}}],"line":306},"38":{"loc":{"start":{"line":308,"column":11},"end":{"line":312,"column":5}},"type":"if","locations":[{"start":{"line":308,"column":11},"end":{"line":312,"column":5}},{"start":{"line":310,"column":11},"end":{"line":312,"column":5}}],"line":308},"39":{"loc":{"start":{"line":310,"column":11},"end":{"line":312,"column":5}},"type":"if","locations":[{"start":{"line":310,"column":11},"end":{"line":312,"column":5}},{"start":{},"end":{}}],"line":310},"40":{"loc":{"start":{"line":334,"column":2},"end":{"line":341,"column":3}},"type":"if","locations":[{"start":{"line":334,"column":2},"end":{"line":341,"column":3}},{"start":{"line":336,"column":9},"end":{"line":341,"column":3}}],"line":334},"41":{"loc":{"start":{"line":336,"column":9},"end":{"line":341,"column":3}},"type":"if","locations":[{"start":{"line":336,"column":9},"end":{"line":341,"column":3}},{"start":{"line":338,"column":9},"end":{"line":341,"column":3}}],"line":336}},"s":{"0":1,"1":1,"2":1,"3":1,"4":1,"5":0,"6":1,"7":2,"8":1,"9":2,"10":1,"11":2,"12":1,"13":2,"14":1,"15":0,"16":0,"17":0,"18":0,"19":1,"20":0,"21":0,"22":0,"23":0,"24":1,"25":0,"26":0,"27":0,"28":0,"29":1,"30":0,"31":0,"32":0,"33":0,"34":1,"35":0,"36":0,"37":0,"38":0,"39":1,"40":0,"41":0,"42":0,"43":0,"44":1,"45":0,"46":0,"47":0,"48":0,"49":1,"50":0,"51":0,"52":0,"53":0,"54":1,"55":0,"56":0,"57":0,"58":0,"59":1,"60":0,"61":0,"62":0,"63":0,"64":1,"65":0,"66":0,"67":0,"68":0,"69":0,"70":0,"71":0,"72":0,"73":0,"74":0,"75":0,"76":0,"77":0,"78":0,"79":0,"80":0,"81":0,"82":0,"83":0,"84":0,"85":0,"86":0,"87":0,"88":0,"89":0,"90":0,"91":0,"92":0,"93":0,"94":0,"95":0,"96":0,"97":0,"98":0,"99":0,"100":0,"101":0,"102":0,"103":1,"104":0,"105":0,"106":0,"107":0,"108":0,"109":0,"110":0,"111":0,"112":0,"113":0,"114":0,"115":0,"116":0,"117":0,"118":0,"119":0,"120":0,"121":0,"122":0,"123":0,"124":0,"125":0,"126":0,"127":0,"128":0,"129":0,"130":0,"131":0,"132":0,"133":0,"134":0,"135":0,"136":0,"137":0,"138":0,"139":0,"140":0,"141":0,"142":0,"143":1,"144":0,"145":0,"146":0,"147":0,"148":0,"149":0,"150":0,"151":0,"152":0,"153":0,"154":0,"155":0,"156":0,"157":0,"158":0,"159":0,"160":0,"161":0,"162":0,"163":0,"164":0,"165":0,"166":0,"167":0,"168":0,"169":0,"170":0,"171":0,"172":0,"173":0,"174":0,"175":0,"176":0,"177":0,"178":0,"179":0,"180":0,"181":0,"182":1,"183":0,"184":0,"185":0,"186":0,"187":0,"188":0,"189":0,"190":0,"191":0,"192":0,"193":0,"194":0,"195":0,"196":0,"197":0,"198":0,"199":0,"200":0,"201":0,"202":0,"203":0,"204":0,"205":0,"206":0,"207":0,"208":0,"209":0,"210":0,"211":0,"212":0,"213":0,"214":0,"215":0,"216":0,"217":0,"218":0,"219":0,"220":0,"221":1,"222":0,"223":0,"224":0,"225":0,"226":0,"227":0,"228":0,"229":0,"230":0,"231":0,"232":0,"233":0,"234":0,"235":0,"236":0,"237":0,"238":0,"239":1,"240":0,"241":0,"242":0,"243":0,"244":0,"245":0,"246":0,"247":1,"248":0,"249":0,"250":0,"251":0,"252":0,"253":0,"254":1,"255":0},"f":{"0":2,"1":2,"2":2,"3":2,"4":0,"5":0,"6":0,"7":0,"8":0,"9":0,"10":0,"11":0,"12":0,"13":0,"14":0,"15":0,"16":0,"17":0,"18":0,"19":0,"20":0,"21":0},"b":{"0":[0,1],"1":[0,0],"2":[0,0],"3":[0,0],"4":[0,0],"5":[0,0],"6":[0,0],"7":[0,0],"8":[0,0],"9":[0,0],"10":[0,0],"11":[0,0],"12":[0,0],"13":[0,0],"14":[0,0],"15":[0,0],"16":[0,0],"17":[0,0],"18":[0,0],"19":[0,0],"20":[0,0],"21":[0,0],"22":[0,0],"23":[0,0],"24":[0,0],"25":[0,0],"26":[0,0],"27":[0,0],"28":[0,0],"29":[0,0],"30":[0,0],"31":[0,0],"32":[0,0],"33":[0,0],"34":[0,0],"35":[0,0],"36":[0,0],"37":[0,0],"38":[0,0],"39":[0,0],"40":[0,0],"41":[0,0]},"_coverageSchema":"1a1c01bbd47fc00a2c39e90264f33305004495a9","hash":"ba608f2b9c5f61ba03db196fbd0cb50cd145ef2d"}
}
