TN:
SF:index.js
FN:12,(anonymous_0)
FN:16,(anonymous_1)
FN:20,(anonymous_2)
FN:24,(anonymous_3)
FN:28,(anonymous_4)
FN:37,(anonymous_5)
FN:46,(anonymous_6)
FN:55,(anonymous_7)
FN:64,(anonymous_8)
FN:73,(anonymous_9)
FN:82,(anonymous_10)
FN:91,(anonymous_11)
FN:100,(anonymous_12)
FN:109,(anonymous_13)
FN:118,(anonymous_14)
FN:163,(anonymous_15)
FN:209,(anonymous_16)
FN:254,(anonymous_17)
FN:299,(anonymous_18)
FN:323,(anonymous_19)
FN:333,(anonymous_20)
FN:344,(anonymous_21)
FNF:22
FNH:4
FNDA:2,(anonymous_0)
FNDA:2,(anonymous_1)
FNDA:2,(anonymous_2)
FNDA:2,(anonymous_3)
FNDA:0,(anonymous_4)
FNDA:0,(anonymous_5)
FNDA:0,(anonymous_6)
FNDA:0,(anonymous_7)
FNDA:0,(anonymous_8)
FNDA:0,(anonymous_9)
FNDA:0,(anonymous_10)
FNDA:0,(anonymous_11)
FNDA:0,(anonymous_12)
FNDA:0,(anonymous_13)
FNDA:0,(anonymous_14)
FNDA:0,(anonymous_15)
FNDA:0,(anonymous_16)
FNDA:0,(anonymous_17)
FNDA:0,(anonymous_18)
FNDA:0,(anonymous_19)
FNDA:0,(anonymous_20)
FNDA:0,(anonymous_21)
DA:1,1
DA:2,1
DA:3,1
DA:6,1
DA:8,1
DA:9,0
DA:12,1
DA:13,2
DA:16,1
DA:17,2
DA:20,1
DA:21,2
DA:24,1
DA:25,2
DA:28,1
DA:29,0
DA:30,0
DA:31,0
DA:33,0
DA:37,1
DA:38,0
DA:39,0
DA:40,0
DA:42,0
DA:46,1
DA:47,0
DA:48,0
DA:49,0
DA:51,0
DA:55,1
DA:56,0
DA:57,0
DA:58,0
DA:60,0
DA:64,1
DA:65,0
DA:66,0
DA:67,0
DA:69,0
DA:73,1
DA:74,0
DA:75,0
DA:76,0
DA:78,0
DA:82,1
DA:83,0
DA:84,0
DA:85,0
DA:87,0
DA:91,1
DA:92,0
DA:93,0
DA:94,0
DA:96,0
DA:100,1
DA:101,0
DA:102,0
DA:103,0
DA:105,0
DA:109,1
DA:110,0
DA:111,0
DA:112,0
DA:114,0
DA:118,1
DA:119,0
DA:120,0
DA:121,0
DA:122,0
DA:123,0
DA:124,0
DA:125,0
DA:126,0
DA:127,0
DA:128,0
DA:129,0
DA:130,0
DA:131,0
DA:132,0
DA:133,0
DA:134,0
DA:135,0
DA:136,0
DA:138,0
DA:139,0
DA:140,0
DA:141,0
DA:142,0
DA:143,0
DA:144,0
DA:145,0
DA:146,0
DA:147,0
DA:148,0
DA:149,0
DA:150,0
DA:151,0
DA:152,0
DA:153,0
DA:155,0
DA:156,0
DA:157,0
DA:158,0
DA:163,1
DA:164,0
DA:165,0
DA:166,0
DA:167,0
DA:168,0
DA:169,0
DA:170,0
DA:171,0
DA:172,0
DA:173,0
DA:174,0
DA:175,0
DA:176,0
DA:177,0
DA:178,0
DA:179,0
DA:180,0
DA:181,0
DA:183,0
DA:184,0
DA:185,0
DA:186,0
DA:187,0
DA:188,0
DA:189,0
DA:190,0
DA:191,0
DA:192,0
DA:193,0
DA:194,0
DA:195,0
DA:196,0
DA:197,0
DA:198,0
DA:199,0
DA:201,0
DA:202,0
DA:203,0
DA:204,0
DA:209,1
DA:210,0
DA:211,0
DA:212,0
DA:213,0
DA:214,0
DA:215,0
DA:216,0
DA:217,0
DA:218,0
DA:219,0
DA:220,0
DA:221,0
DA:222,0
DA:223,0
DA:224,0
DA:225,0
DA:226,0
DA:227,0
DA:229,0
DA:230,0
DA:231,0
DA:232,0
DA:233,0
DA:234,0
DA:235,0
DA:236,0
DA:237,0
DA:238,0
DA:239,0
DA:240,0
DA:241,0
DA:242,0
DA:243,0
DA:244,0
DA:246,0
DA:247,0
DA:248,0
DA:249,0
DA:254,1
DA:255,0
DA:256,0
DA:257,0
DA:258,0
DA:259,0
DA:260,0
DA:261,0
DA:262,0
DA:263,0
DA:264,0
DA:265,0
DA:266,0
DA:267,0
DA:268,0
DA:269,0
DA:270,0
DA:271,0
DA:272,0
DA:274,0
DA:275,0
DA:276,0
DA:277,0
DA:278,0
DA:279,0
DA:280,0
DA:281,0
DA:282,0
DA:283,0
DA:284,0
DA:285,0
DA:286,0
DA:287,0
DA:288,0
DA:289,0
DA:291,0
DA:292,0
DA:293,0
DA:294,0
DA:299,1
DA:300,0
DA:301,0
DA:303,0
DA:304,0
DA:305,0
DA:306,0
DA:307,0
DA:308,0
DA:309,0
DA:310,0
DA:311,0
DA:313,0
DA:314,0
DA:315,0
DA:316,0
DA:318,0
DA:319,0
DA:323,1
DA:324,0
DA:325,0
DA:326,0
DA:327,0
DA:328,0
DA:329,0
DA:330,0
DA:333,1
DA:334,0
DA:335,0
DA:336,0
DA:337,0
DA:339,0
DA:340,0
DA:344,1
DA:345,0
LF:256
LH:31
BRDA:8,0,0,0
BRDA:8,0,1,1
BRDA:29,1,0,0
BRDA:29,1,1,0
BRDA:38,2,0,0
BRDA:38,2,1,0
BRDA:47,3,0,0
BRDA:47,3,1,0
BRDA:56,4,0,0
BRDA:56,4,1,0
BRDA:65,5,0,0
BRDA:65,5,1,0
BRDA:74,6,0,0
BRDA:74,6,1,0
BRDA:83,7,0,0
BRDA:83,7,1,0
BRDA:92,8,0,0
BRDA:92,8,1,0
BRDA:101,9,0,0
BRDA:101,9,1,0
BRDA:110,10,0,0
BRDA:110,10,1,0
BRDA:119,11,0,0
BRDA:119,11,1,0
BRDA:125,12,0,0
BRDA:125,12,1,0
BRDA:131,13,0,0
BRDA:131,13,1,0
BRDA:138,14,0,0
BRDA:138,14,1,0
BRDA:144,15,0,0
BRDA:144,15,1,0
BRDA:148,16,0,0
BRDA:148,16,1,0
BRDA:164,17,0,0
BRDA:164,17,1,0
BRDA:170,18,0,0
BRDA:170,18,1,0
BRDA:176,19,0,0
BRDA:176,19,1,0
BRDA:183,20,0,0
BRDA:183,20,1,0
BRDA:190,21,0,0
BRDA:190,21,1,0
BRDA:194,22,0,0
BRDA:194,22,1,0
BRDA:210,23,0,0
BRDA:210,23,1,0
BRDA:216,24,0,0
BRDA:216,24,1,0
BRDA:222,25,0,0
BRDA:222,25,1,0
BRDA:229,26,0,0
BRDA:229,26,1,0
BRDA:235,27,0,0
BRDA:235,27,1,0
BRDA:239,28,0,0
BRDA:239,28,1,0
BRDA:255,29,0,0
BRDA:255,29,1,0
BRDA:261,30,0,0
BRDA:261,30,1,0
BRDA:267,31,0,0
BRDA:267,31,1,0
BRDA:274,32,0,0
BRDA:274,32,1,0
BRDA:280,33,0,0
BRDA:280,33,1,0
BRDA:284,34,0,0
BRDA:284,34,1,0
BRDA:300,35,0,0
BRDA:300,35,1,0
BRDA:304,36,0,0
BRDA:304,36,1,0
BRDA:306,37,0,0
BRDA:306,37,1,0
BRDA:308,38,0,0
BRDA:308,38,1,0
BRDA:310,39,0,0
BRDA:310,39,1,0
BRDA:334,40,0,0
BRDA:334,40,1,0
BRDA:336,41,0,0
BRDA:336,41,1,0
BRF:84
BRH:1
end_of_record
